# JRE version: OpenJDK Runtime Environment (11.0.15) (build 11.0.15+0-b2043.56-9505619)
# Java VM: OpenJDK 64-Bit Server VM (11.0.15+0-b2043.56-9505619, mixed mode, tiered, compressed oops, g1 gc, windows-amd64)
Heap:
 garbage-first heap   total 842752K, used 172009K [0x0000000080000000, 0x0000000100000000)
  region size 1024K, 6 young (6144K), 6 survivors (6144K)
 Metaspace       used 104710K, capacity 107871K, committed 108124K, reserved 1142784K
  class space    used 13400K, capacity 14589K, committed 14668K, reserved 1048576K
GC Heap History (20 events):
Event: 204.583 GC heap after
{Heap after GC invocations=66 (full 0):
 garbage-first heap   total 157696K, used 116712K [0x0000000080000000, 0x0000000100000000)
  region size 1024K, 2 young (2048K), 2 survivors (2048K)
 Metaspace       used 103298K, capacity 106445K, committed 106716K, reserved 1142784K
  class space    used 13309K, capacity 14485K, committed 14540K, reserved 1048576K
}
Event: 204.753 GC heap before
{Heap before GC invocations=66 (full 0):
 garbage-first heap   total 157696K, used 129000K [0x0000000080000000, 0x0000000100000000)
  region size 1024K, 14 young (14336K), 2 survivors (2048K)
 Metaspace       used 103362K, capacity 106514K, committed 106716K, reserved 1142784K
  class space    used 13310K, capacity 14486K, committed 14540K, reserved 1048576K
}
Event: 204.764 GC heap after
{Heap after GC invocations=67 (full 0):
 garbage-first heap   total 157696K, used 118784K [0x0000000080000000, 0x0000000100000000)
  region size 1024K, 2 young (2048K), 2 survivors (2048K)
 Metaspace       used 103362K, capacity 106514K, committed 106716K, reserved 1142784K
  class space    used 13310K, capacity 14486K, committed 14540K, reserved 1048576K
}
Event: 204.997 GC heap before
{Heap before GC invocations=68 (full 0):
 garbage-first heap   total 157696K, used 131072K [0x0000000080000000, 0x0000000100000000)
  region size 1024K, 14 young (14336K), 2 survivors (2048K)
 Metaspace       used 103619K, capacity 106720K, committed 106972K, reserved 1142784K
  class space    used 13317K, capacity 14486K, committed 14540K, reserved 1048576K
}
Event: 205.011 GC heap after
{Heap after GC invocations=69 (full 0):
 garbage-first heap   total 289792K, used 120512K [0x0000000080000000, 0x0000000100000000)
  region size 1024K, 2 young (2048K), 2 survivors (2048K)
 Metaspace       used 103619K, capacity 106720K, committed 106972K, reserved 1142784K
  class space    used 13317K, capacity 14486K, committed 14540K, reserved 1048576K
}
Event: 205.500 GC heap before
{Heap before GC invocations=69 (full 0):
 garbage-first heap   total 289792K, used 173760K [0x0000000080000000, 0x0000000100000000)
  region size 1024K, 54 young (55296K), 2 survivors (2048K)
 Metaspace       used 103825K, capacity 106970K, committed 107228K, reserved 1142784K
  class space    used 13337K, capacity 14525K, committed 14540K, reserved 1048576K
}
Event: 205.511 GC heap after
{Heap after GC invocations=70 (full 0):
 garbage-first heap   total 289792K, used 124312K [0x0000000080000000, 0x0000000100000000)
  region size 1024K, 6 young (6144K), 6 survivors (6144K)
 Metaspace       used 103825K, capacity 106970K, committed 107228K, reserved 1142784K
  class space    used 13337K, capacity 14525K, committed 14540K, reserved 1048576K
}
Event: 205.903 GC heap before
{Heap before GC invocations=70 (full 0):
 garbage-first heap   total 289792K, used 181656K [0x0000000080000000, 0x0000000100000000)
  region size 1024K, 62 young (63488K), 6 survivors (6144K)
 Metaspace       used 103992K, capacity 107105K, committed 107228K, reserved 1142784K
  class space    used 13344K, capacity 14526K, committed 14540K, reserved 1048576K
}
Event: 205.922 GC heap after
{Heap after GC invocations=71 (full 0):
 garbage-first heap   total 289792K, used 128813K [0x0000000080000000, 0x0000000100000000)
  region size 1024K, 8 young (8192K), 8 survivors (8192K)
 Metaspace       used 103992K, capacity 107105K, committed 107228K, reserved 1142784K
  class space    used 13344K, capacity 14526K, committed 14540K, reserved 1048576K
}
Event: 206.471 GC heap before
{Heap before GC invocations=71 (full 0):
 garbage-first heap   total 289792K, used 193325K [0x0000000080000000, 0x0000000100000000)
  region size 1024K, 71 young (72704K), 8 survivors (8192K)
 Metaspace       used 104162K, capacity 107244K, committed 107484K, reserved 1142784K
  class space    used 13364K, capacity 14526K, committed 14540K, reserved 1048576K
}
Event: 206.491 GC heap after
{Heap after GC invocations=72 (full 0):
 garbage-first heap   total 289792K, used 134747K [0x0000000080000000, 0x0000000100000000)
  region size 1024K, 9 young (9216K), 9 survivors (9216K)
 Metaspace       used 104162K, capacity 107244K, committed 107484K, reserved 1142784K
  class space    used 13364K, capacity 14526K, committed 14540K, reserved 1048576K
}
Event: 206.848 GC heap before
{Heap before GC invocations=72 (full 0):
 garbage-first heap   total 289792K, used 198235K [0x0000000080000000, 0x0000000100000000)
  region size 1024K, 72 young (73728K), 9 survivors (9216K)
 Metaspace       used 104204K, capacity 107346K, committed 107612K, reserved 1142784K
  class space    used 13366K, capacity 14559K, committed 14668K, reserved 1048576K
}
Event: 206.878 GC heap after
{Heap after GC invocations=73 (full 0):
 garbage-first heap   total 549888K, used 142040K [0x0000000080000000, 0x0000000100000000)
  region size 1024K, 9 young (9216K), 9 survivors (9216K)
 Metaspace       used 104204K, capacity 107346K, committed 107612K, reserved 1142784K
  class space    used 13366K, capacity 14559K, committed 14668K, reserved 1048576K
}
Event: 208.281 GC heap before
{Heap before GC invocations=73 (full 0):
 garbage-first heap   total 549888K, used 304856K [0x0000000080000000, 0x0000000100000000)
  region size 1024K, 168 young (172032K), 9 survivors (9216K)
 Metaspace       used 104347K, capacity 107504K, committed 107612K, reserved 1142784K
  class space    used 13374K, capacity 14564K, committed 14668K, reserved 1048576K
}
Event: 208.323 GC heap after
{Heap after GC invocations=74 (full 0):
 garbage-first heap   total 549888K, used 153274K [0x0000000080000000, 0x0000000100000000)
  region size 1024K, 20 young (20480K), 20 survivors (20480K)
 Metaspace       used 104347K, capacity 107504K, committed 107612K, reserved 1142784K
  class space    used 13374K, capacity 14564K, committed 14668K, reserved 1048576K
}
Event: 210.126 GC heap before
{Heap before GC invocations=74 (full 0):
 garbage-first heap   total 549888K, used 411322K [0x0000000080000000, 0x0000000100000000)
  region size 1024K, 272 young (278528K), 20 survivors (20480K)
 Metaspace       used 104504K, capacity 107702K, committed 107868K, reserved 1142784K
  class space    used 13385K, capacity 14582K, committed 14668K, reserved 1048576K
}
Event: 210.244 GC heap after
{Heap after GC invocations=75 (full 0):
 garbage-first heap   total 549888K, used 166984K [0x0000000080000000, 0x0000000100000000)
  region size 1024K, 28 young (28672K), 28 survivors (28672K)
 Metaspace       used 104504K, capacity 107702K, committed 107868K, reserved 1142784K
  class space    used 13385K, capacity 14582K, committed 14668K, reserved 1048576K
}
Event: 212.550 GC heap before
{Heap before GC invocations=75 (full 0):
 garbage-first heap   total 549888K, used 401480K [0x0000000080000000, 0x0000000100000000)
  region size 1024K, 257 young (263168K), 28 survivors (28672K)
 Metaspace       used 104625K, capacity 107801K, committed 108124K, reserved 1142784K
  class space    used 13390K, capacity 14588K, committed 14668K, reserved 1048576K
}
Event: 212.592 GC heap after
{Heap after GC invocations=76 (full 0):
 garbage-first heap   total 549888K, used 170891K [0x0000000080000000, 0x0000000100000000)
  region size 1024K, 19 young (19456K), 19 survivors (19456K)
 Metaspace       used 104625K, capacity 107801K, committed 108124K, reserved 1142784K
  class space    used 13390K, capacity 14588K, committed 14668K, reserved 1048576K
}
Event: 214.044 GC heap before
{Heap before GC invocations=76 (full 0):
 garbage-first heap   total 549888K, used 421771K [0x0000000080000000, 0x0000000100000000)
  region size 1024K, 264 young (270336K), 19 survivors (19456K)
 Metaspace       used 104710K, capacity 107871K, committed 108124K, reserved 1142784K
  class space    used 13400K, capacity 14589K, committed 14668K, reserved 1048576K
}

