# JRE version: OpenJDK Runtime Environment (11.0.15) (build 11.0.15+0-b2043.56-9505619)
# Java VM: OpenJDK 64-Bit Server VM (11.0.15+0-b2043.56-9505619, mixed mode, tiered, compressed oops, g1 gc, windows-amd64)
Heap:
 garbage-first heap   total 395264K, used 169533K [0x0000000080000000, 0x0000000100000000)
  region size 1024K, 7 young (7168K), 7 survivors (7168K)
 Metaspace       used 102290K, capacity 105490K, committed 105756K, reserved 1140736K
  class space    used 13182K, capacity 14408K, committed 14464K, reserved 1048576K
GC Heap History (20 events):
Event: 132.045 GC heap after
{Heap after GC invocations=68 (full 0):
 garbage-first heap   total 273408K, used 165761K [0x0000000080000000, 0x0000000100000000)
  region size 1024K, 5 young (5120K), 5 survivors (5120K)
 Metaspace       used 101973K, capacity 105157K, committed 105244K, reserved 1140736K
  class space    used 13178K, capacity 14400K, committed 14464K, reserved 1048576K
}
Event: 132.474 GC heap before
{Heap before GC invocations=68 (full 0):
 garbage-first heap   total 273408K, used 235393K [0x0000000080000000, 0x0000000100000000)
  region size 1024K, 74 young (75776K), 5 survivors (5120K)
 Metaspace       used 102001K, capacity 105158K, committed 105244K, reserved 1140736K
  class space    used 13178K, capacity 14400K, committed 14464K, reserved 1048576K
}
Event: 132.484 GC heap after
{Heap after GC invocations=69 (full 0):
 garbage-first heap   total 273408K, used 165965K [0x0000000080000000, 0x0000000100000000)
  region size 1024K, 5 young (5120K), 5 survivors (5120K)
 Metaspace       used 102001K, capacity 105158K, committed 105244K, reserved 1140736K
  class space    used 13178K, capacity 14400K, committed 14464K, reserved 1048576K
}
Event: 133.005 GC heap before
{Heap before GC invocations=69 (full 0):
 garbage-first heap   total 273408K, used 236621K [0x0000000080000000, 0x0000000100000000)
  region size 1024K, 74 young (75776K), 5 survivors (5120K)
 Metaspace       used 102008K, capacity 105158K, committed 105244K, reserved 1140736K
  class space    used 13178K, capacity 14400K, committed 14464K, reserved 1048576K
}
Event: 133.019 GC heap after
{Heap after GC invocations=70 (full 0):
 garbage-first heap   total 273408K, used 165977K [0x0000000080000000, 0x0000000100000000)
  region size 1024K, 5 young (5120K), 5 survivors (5120K)
 Metaspace       used 102008K, capacity 105158K, committed 105244K, reserved 1140736K
  class space    used 13178K, capacity 14400K, committed 14464K, reserved 1048576K
}
Event: 133.528 GC heap before
{Heap before GC invocations=70 (full 0):
 garbage-first heap   total 273408K, used 237657K [0x0000000080000000, 0x0000000100000000)
  region size 1024K, 75 young (76800K), 5 survivors (5120K)
 Metaspace       used 102025K, capacity 105225K, committed 105500K, reserved 1140736K
  class space    used 13178K, capacity 14400K, committed 14464K, reserved 1048576K
}
Event: 133.541 GC heap after
{Heap after GC invocations=71 (full 0):
 garbage-first heap   total 273408K, used 166016K [0x0000000080000000, 0x0000000100000000)
  region size 1024K, 5 young (5120K), 5 survivors (5120K)
 Metaspace       used 102025K, capacity 105225K, committed 105500K, reserved 1140736K
  class space    used 13178K, capacity 14400K, committed 14464K, reserved 1048576K
}
Event: 133.945 GC heap before
{Heap before GC invocations=71 (full 0):
 garbage-first heap   total 273408K, used 237696K [0x0000000080000000, 0x0000000100000000)
  region size 1024K, 75 young (76800K), 5 survivors (5120K)
 Metaspace       used 102031K, capacity 105225K, committed 105500K, reserved 1140736K
  class space    used 13178K, capacity 14400K, committed 14464K, reserved 1048576K
}
Event: 133.956 GC heap after
{Heap after GC invocations=72 (full 0):
 garbage-first heap   total 273408K, used 166963K [0x0000000080000000, 0x0000000100000000)
  region size 1024K, 6 young (6144K), 6 survivors (6144K)
 Metaspace       used 102031K, capacity 105225K, committed 105500K, reserved 1140736K
  class space    used 13178K, capacity 14400K, committed 14464K, reserved 1048576K
}
Event: 134.314 GC heap before
{Heap before GC invocations=72 (full 0):
 garbage-first heap   total 273408K, used 237619K [0x0000000080000000, 0x0000000100000000)
  region size 1024K, 76 young (77824K), 6 survivors (6144K)
 Metaspace       used 102042K, capacity 105233K, committed 105500K, reserved 1140736K
  class space    used 13179K, capacity 14403K, committed 14464K, reserved 1048576K
}
Event: 134.326 GC heap after
{Heap after GC invocations=73 (full 0):
 garbage-first heap   total 273408K, used 167441K [0x0000000080000000, 0x0000000100000000)
  region size 1024K, 6 young (6144K), 6 survivors (6144K)
 Metaspace       used 102042K, capacity 105233K, committed 105500K, reserved 1140736K
  class space    used 13179K, capacity 14403K, committed 14464K, reserved 1048576K
}
Event: 134.791 GC heap before
{Heap before GC invocations=73 (full 0):
 garbage-first heap   total 273408K, used 239121K [0x0000000080000000, 0x0000000100000000)
  region size 1024K, 76 young (77824K), 6 survivors (6144K)
 Metaspace       used 102066K, capacity 105237K, committed 105500K, reserved 1140736K
  class space    used 13179K, capacity 14403K, committed 14464K, reserved 1048576K
}
Event: 134.804 GC heap after
{Heap after GC invocations=74 (full 0):
 garbage-first heap   total 328704K, used 166998K [0x0000000080000000, 0x0000000100000000)
  region size 1024K, 5 young (5120K), 5 survivors (5120K)
 Metaspace       used 102066K, capacity 105237K, committed 105500K, reserved 1140736K
  class space    used 13179K, capacity 14403K, committed 14464K, reserved 1048576K
}
Event: 135.546 GC heap before
{Heap before GC invocations=74 (full 0):
 garbage-first heap   total 328704K, used 267350K [0x0000000080000000, 0x0000000100000000)
  region size 1024K, 103 young (105472K), 5 survivors (5120K)
 Metaspace       used 102072K, capacity 105238K, committed 105500K, reserved 1140736K
  class space    used 13179K, capacity 14403K, committed 14464K, reserved 1048576K
}
Event: 135.559 GC heap after
{Heap after GC invocations=75 (full 0):
 garbage-first heap   total 328704K, used 169741K [0x0000000080000000, 0x0000000100000000)
  region size 1024K, 8 young (8192K), 8 survivors (8192K)
 Metaspace       used 102072K, capacity 105238K, committed 105500K, reserved 1140736K
  class space    used 13179K, capacity 14403K, committed 14464K, reserved 1048576K
}
Event: 136.174 GC heap before
{Heap before GC invocations=75 (full 0):
 garbage-first heap   total 328704K, used 274189K [0x0000000080000000, 0x0000000100000000)
  region size 1024K, 110 young (112640K), 8 survivors (8192K)
 Metaspace       used 102141K, capacity 105314K, committed 105500K, reserved 1140736K
  class space    used 13179K, capacity 14403K, committed 14464K, reserved 1048576K
}
Event: 136.188 GC heap after
{Heap after GC invocations=76 (full 0):
 garbage-first heap   total 328704K, used 169903K [0x0000000080000000, 0x0000000100000000)
  region size 1024K, 8 young (8192K), 8 survivors (8192K)
 Metaspace       used 102141K, capacity 105314K, committed 105500K, reserved 1140736K
  class space    used 13179K, capacity 14403K, committed 14464K, reserved 1048576K
}
Event: 136.879 GC heap before
{Heap before GC invocations=76 (full 0):
 garbage-first heap   total 328704K, used 279471K [0x0000000080000000, 0x0000000100000000)
  region size 1024K, 114 young (116736K), 8 survivors (8192K)
 Metaspace       used 102280K, capacity 105488K, committed 105756K, reserved 1140736K
  class space    used 13182K, capacity 14408K, committed 14464K, reserved 1048576K
}
Event: 136.893 GC heap after
{Heap after GC invocations=77 (full 0):
 garbage-first heap   total 328704K, used 170226K [0x0000000080000000, 0x0000000100000000)
  region size 1024K, 8 young (8192K), 8 survivors (8192K)
 Metaspace       used 102280K, capacity 105488K, committed 105756K, reserved 1140736K
  class space    used 13182K, capacity 14408K, committed 14464K, reserved 1048576K
}
Event: 137.419 GC heap before
{Heap before GC invocations=77 (full 0):
 garbage-first heap   total 328704K, used 278770K [0x0000000080000000, 0x0000000100000000)
  region size 1024K, 115 young (117760K), 8 survivors (8192K)
 Metaspace       used 102290K, capacity 105490K, committed 105756K, reserved 1140736K
  class space    used 13182K, capacity 14408K, committed 14464K, reserved 1048576K
}

